Incoming request: POST /api/auth/register
Incoming request: POST /api/auth/register
Incoming request: POST /api/auth/register
Incoming request: POST /api/auth/register
Incoming request: POST /api/auth/register
Incoming request: OPTIONS /api/auth/register
Incoming request: POST /api/auth/register
Incoming request: OPTIONS /api/auth/login
Incoming request: POST /api/auth/login
Incoming request: OPTIONS /api/resumes/upload
Incoming request: POST /api/resumes/upload
Incoming request: OPTIONS /api/portfolio/generate/6939b5260b1b2154ba8e70a6
Incoming request: POST /api/portfolio/generate/6939b5260b1b2154ba8e70a6
Incoming request: OPTIONS /api/portfolio/me
Incoming request: OPTIONS /api/portfolio/me
Incoming request: GET /api/portfolio/me
Incoming request: GET /api/portfolio/me
Incoming request: GET /api/portfolio/me
Incoming request: GET /api/portfolio/me
Incoming request: OPTIONS /api/portfolio/me
Incoming request: PUT /api/portfolio/me
Incoming request: OPTIONS /api/portfolio/me
Incoming request: PUT /api/portfolio/me
Incoming request: OPTIONS /api/portfolio/me
Incoming request: GET /api/portfolio/me
Incoming request: GET /api/portfolio/me
Incoming request: GET /api/portfolio/me
Incoming request: GET /api/portfolio/me
Incoming request: OPTIONS /api/resumes/upload
Incoming request: POST /api/resumes/upload
Incoming request: OPTIONS /api/portfolio/generate/6939b66a17d3172bb0e7106d
Incoming request: POST /api/portfolio/generate/6939b66a17d3172bb0e7106d
Incoming request: OPTIONS /api/portfolio/me
Incoming request: OPTIONS /api/portfolio/me
Incoming request: GET /api/portfolio/me
Incoming request: GET /api/portfolio/me
Incoming request: GET /api/portfolio/me
Incoming request: GET /api/portfolio/me
Incoming request: OPTIONS /api/portfolio/me
Incoming request: PUT /api/portfolio/me
Incoming request: OPTIONS /api/portfolio/me
Incoming request: OPTIONS /api/portfolio/me
Incoming request: GET /api/portfolio/me
Incoming request: GET /api/portfolio/me
Incoming request: OPTIONS /api/resumes/upload
Incoming request: POST /api/resumes/upload
Incoming request: OPTIONS /api/portfolio/generate/6939b73cf370c617a0c7bd05
Incoming request: POST /api/portfolio/generate/6939b73cf370c617a0c7bd05
Incoming request: OPTIONS /api/portfolio/me
Incoming request: OPTIONS /api/portfolio/me
Incoming request: GET /api/portfolio/me
Incoming request: GET /api/portfolio/me
Incoming request: GET /api/portfolio/me
Incoming request: GET /api/portfolio/me
Incoming request: OPTIONS /api/auth/login
Incoming request: POST /api/auth/login
Incoming request: OPTIONS /api/portfolio/me
Incoming request: OPTIONS /api/portfolio/me
Incoming request: GET /api/portfolio/me
Incoming request: GET /api/portfolio/me
Incoming request: GET /api/portfolio/me
Incoming request: GET /api/portfolio/me
Incoming request: OPTIONS /api/resumes/upload
Incoming request: POST /api/resumes/upload
Incoming request: OPTIONS /api/portfolio/generate/6939b8b81f6b7b5e891942df
Incoming request: POST /api/portfolio/generate/6939b8b81f6b7b5e891942df
Incoming request: OPTIONS /api/portfolio/me
Incoming request: OPTIONS /api/portfolio/me
Incoming request: GET /api/portfolio/me
Incoming request: GET /api/portfolio/me
Incoming request: GET /api/portfolio/me
Incoming request: GET /api/portfolio/me
Incoming request: GET /api/test/all
Incoming request: OPTIONS /api/portfolio/me
Incoming request: OPTIONS /api/portfolio/me
Incoming request: GET /api/portfolio/me
Incoming request: GET /api/portfolio/me
Incoming request: POST /api/auth/signin
Incoming request: POST /api/auth/login
Incoming request: POST /api/auth/login
Incoming request: OPTIONS /api/auth/login
Incoming request: POST /api/auth/login
Incoming request: GET /api/resumes
Unauthorized error: Full authentication is required to access this resource
Unauthorized error: Full authentication is required to access this resource
Incoming request: POST /api/auth/login
Incoming request: GET /api/resumes
Incoming request: OPTIONS /api/portfolio/me
Incoming request: OPTIONS /api/portfolio/me
Incoming request: GET /api/portfolio/me
Incoming request: GET /api/portfolio/me
Incoming request: HEAD /api/test/all
Incoming request: GET /api/auth/login
Incoming request: OPTIONS /api/auth/register
Incoming request: POST /api/auth/register
Incoming request: OPTIONS /api/auth/login
Incoming request: POST /api/auth/login
Incoming request: OPTIONS /api/portfolio/me
Incoming request: OPTIONS /api/portfolio/me
Incoming request: GET /api/portfolio/me
Incoming request: GET /api/portfolio/me
Incoming request: GET /api/portfolio/me
Incoming request: GET /api/portfolio/me
Incoming request: OPTIONS /api/auth/login
Incoming request: POST /api/auth/login
Incoming request: OPTIONS /api/resumes/upload
Incoming request: POST /api/resumes/upload
Incoming request: OPTIONS /api/portfolio/generate/694aa1483ba4e57620ad0e60
Incoming request: POST /api/portfolio/generate/694aa1483ba4e57620ad0e60
Incoming request: OPTIONS /api/portfolio/me
Incoming request: OPTIONS /api/portfolio/me
Incoming request: GET /api/portfolio/me
Incoming request: GET /api/portfolio/me
Incoming request: GET /api/portfolio/me
Incoming request: GET /api/portfolio/me
Incoming request: OPTIONS /api/portfolio/me
Incoming request: PUT /api/portfolio/me
Incoming request: OPTIONS /api/auth/login
Incoming request: POST /api/auth/login
Incoming request: OPTIONS /api/resumes/upload
Incoming request: POST /api/resumes/upload
Incoming request: OPTIONS /api/portfolio/generate/694ab894e21fa921a7254c73
Incoming request: POST /api/portfolio/generate/694ab894e21fa921a7254c73
Incoming request: OPTIONS /api/portfolio/me
Incoming request: OPTIONS /api/portfolio/me
Incoming request: GET /api/portfolio/me
Incoming request: GET /api/portfolio/me
Incoming request: GET /api/portfolio/me
Incoming request: GET /api/portfolio/me
Incoming request: OPTIONS /api/portfolio/me
Incoming request: PUT /api/portfolio/me
Incoming request: OPTIONS /api/portfolio/p/Kiran%20V
Incoming request: OPTIONS /api/portfolio/p/Kiran%20V
Incoming request: GET /api/portfolio/p/Kiran%20V
Incoming request: GET /api/portfolio/p/Kiran%20V
Incoming request: OPTIONS /api/portfolio/me
Incoming request: PUT /api/portfolio/me
Incoming request: PUT /api/portfolio/me
Incoming request: OPTIONS /api/portfolio/p/Kiran%20V
Incoming request: OPTIONS /api/portfolio/p/Kiran%20V
Incoming request: GET /api/portfolio/p/Kiran%20V
Incoming request: GET /api/portfolio/p/Kiran%20V
Incoming request: OPTIONS /api/auth/login
Incoming request: POST /api/auth/login
Incoming request: OPTIONS /api/auth/login
Incoming request: POST /api/auth/login
Incoming request: OPTIONS /api/auth/register
Incoming request: POST /api/auth/register
Incoming request: OPTIONS /api/auth/login
Incoming request: POST /api/auth/login
Incoming request: OPTIONS /api/portfolio/me
Incoming request: OPTIONS /api/portfolio/me
Incoming request: GET /api/portfolio/me
Incoming request: GET /api/portfolio/me
Incoming request: GET /api/portfolio/me
Incoming request: GET /api/portfolio/me
Incoming request: OPTIONS /api/portfolio/p/kiranv2
Incoming request: OPTIONS /api/portfolio/p/kiranv2
Incoming request: GET /api/portfolio/p/kiranv2
Incoming request: GET /api/portfolio/p/kiranv2
Incoming request: OPTIONS /api/portfolio/p/testuser
Incoming request: OPTIONS /api/portfolio/p/testuser
Incoming request: GET /api/portfolio/p/testuser
Incoming request: GET /api/portfolio/p/testuser
Incoming request: GET /api/portfolio/p/kiranv2
Incoming request: OPTIONS /api/resumes/upload
Incoming request: POST /api/resumes/upload
Incoming request: OPTIONS /api/portfolio/me
Incoming request: OPTIONS /api/portfolio/me
Incoming request: GET /api/portfolio/me
Incoming request: GET /api/portfolio/me
Incoming request: OPTIONS /api/portfolio/generate/694abcaa337ea855ee847dc4
Incoming request: POST /api/portfolio/generate/694abcaa337ea855ee847dc4
Incoming request: OPTIONS /api/portfolio/me
Incoming request: GET /api/portfolio/me
Incoming request: GET /api/portfolio/me
Incoming request: OPTIONS /api/portfolio/me
Incoming request: OPTIONS /api/portfolio/me
Incoming request: GET /api/portfolio/me
Incoming request: GET /api/portfolio/me
Incoming request: OPTIONS /api/portfolio/me
Incoming request: PUT /api/portfolio/me
Incoming request: OPTIONS /api/portfolio/p/Kiran%20V
Incoming request: OPTIONS /api/portfolio/p/Kiran%20V
Incoming request: GET /api/portfolio/p/Kiran%20V
Incoming request: GET /api/portfolio/p/Kiran%20V
Incoming request: OPTIONS /api/portfolio/p/Kiran%20V
Incoming request: OPTIONS /api/portfolio/p/Kiran%20V
Incoming request: GET /api/portfolio/p/Kiran%20V
Incoming request: GET /api/portfolio/p/Kiran%20V
Incoming request: OPTIONS /api/portfolio/me
Incoming request: PUT /api/portfolio/me
Incoming request: GET /api/portfolio/p/Kiran%20V
Incoming request: GET /api/portfolio/p/Kiran%20V
Incoming request: OPTIONS /api/portfolio/p/Kiran%20V
Incoming request: OPTIONS /api/portfolio/p/Kiran%20V
Incoming request: GET /api/portfolio/p/Kiran%20V
Incoming request: GET /api/portfolio/p/Kiran%20V
Incoming request: GET /api/portfolio/p/Kiran%20V
Incoming request: OPTIONS /api/portfolio/p/Kiran%20V
Incoming request: OPTIONS /api/portfolio/p/Kiran%20V
Incoming request: GET /api/portfolio/p/Kiran%20V
Incoming request: GET /api/portfolio/p/Kiran%20V
Incoming request: OPTIONS /api/portfolio/me
Incoming request: OPTIONS /api/portfolio/me
Incoming request: GET /api/portfolio/me
Incoming request: GET /api/portfolio/me
Incoming request: GET /api/portfolio/me
Incoming request: GET /api/portfolio/me
Incoming request: OPTIONS /api/auth/login
Incoming request: POST /api/auth/login
Incoming request: OPTIONS /api/portfolio/me
Incoming request: OPTIONS /api/portfolio/me
Incoming request: GET /api/portfolio/me
Incoming request: GET /api/portfolio/me
Incoming request: GET /api/portfolio/me
Incoming request: GET /api/portfolio/me
Incoming request: OPTIONS /api/portfolio/me
Incoming request: PUT /api/portfolio/me
Incoming request: OPTIONS /api/portfolio/p/Kiran%20V
Incoming request: OPTIONS /api/portfolio/p/Kiran%20V
Incoming request: GET /api/portfolio/p/Kiran%20V
Incoming request: GET /api/portfolio/p/Kiran%20V
Incoming request: OPTIONS /api/portfolio/me
Incoming request: PUT /api/portfolio/me
Incoming request: OPTIONS /api/portfolio/p/Kiran%20V
Incoming request: OPTIONS /api/portfolio/p/Kiran%20V
Incoming request: GET /api/portfolio/p/Kiran%20V
Incoming request: GET /api/portfolio/p/Kiran%20V
Incoming request: OPTIONS /api/auth/login
Incoming request: POST /api/auth/login
Incoming request: OPTIONS /api/portfolio/me
Incoming request: OPTIONS /api/portfolio/me
Incoming request: GET /api/portfolio/me
Incoming request: GET /api/portfolio/me
Incoming request: GET /api/portfolio/me
Incoming request: GET /api/portfolio/me
Incoming request: OPTIONS /api/portfolio/p/Kiran%20V
Incoming request: OPTIONS /api/portfolio/p/Kiran%20V
Incoming request: GET /api/portfolio/p/Kiran%20V
Incoming request: GET /api/portfolio/p/Kiran%20V
Incoming request: OPTIONS /api/portfolio/me
Incoming request: PUT /api/portfolio/me
Incoming request: OPTIONS /api/portfolio/p/Kiran%20V
Incoming request: OPTIONS /api/portfolio/p/Kiran%20V
Incoming request: GET /api/portfolio/p/Kiran%20V
Incoming request: GET /api/portfolio/p/Kiran%20V
Incoming request: OPTIONS /api/portfolio/me
Incoming request: PUT /api/portfolio/me
Incoming request: OPTIONS /api/portfolio/p/Kiran%20V
Incoming request: OPTIONS /api/portfolio/p/Kiran%20V
Incoming request: GET /api/portfolio/p/Kiran%20V
Incoming request: GET /api/portfolio/p/Kiran%20V
Incoming request: OPTIONS /api/portfolio/me
Incoming request: PUT /api/portfolio/me
Incoming request: OPTIONS /api/portfolio/p/Kiran%20V
Incoming request: OPTIONS /api/portfolio/p/Kiran%20V
Incoming request: GET /api/portfolio/p/Kiran%20V
Incoming request: GET /api/portfolio/p/Kiran%20V
Incoming request: OPTIONS /api/portfolio/me
Incoming request: PUT /api/portfolio/me
Incoming request: OPTIONS /api/portfolio/p/Kiran%20V
Incoming request: OPTIONS /api/portfolio/p/Kiran%20V
Incoming request: GET /api/portfolio/p/Kiran%20V
Incoming request: GET /api/portfolio/p/Kiran%20V
Incoming request: OPTIONS /api/portfolio/me
Incoming request: OPTIONS /api/portfolio/me
Incoming request: GET /api/portfolio/me
Incoming request: GET /api/portfolio/me
Incoming request: OPTIONS /api/portfolio/p/Kiran%20V
Incoming request: OPTIONS /api/portfolio/p/Kiran%20V
Incoming request: GET /api/portfolio/p/Kiran%20V
Incoming request: GET /api/portfolio/p/Kiran%20V
Incoming request: OPTIONS /api/portfolio/me
Incoming request: OPTIONS /api/portfolio/me
Incoming request: GET /api/portfolio/me
Incoming request: GET /api/portfolio/me
Incoming request: GET /api/portfolio/me
Incoming request: GET /api/portfolio/me
Incoming request: GET /api/portfolio/me
Incoming request: GET /api/portfolio/me
Incoming request: OPTIONS /api/portfolio/me
Incoming request: OPTIONS /api/portfolio/me
Incoming request: GET /api/portfolio/me
Incoming request: GET /api/portfolio/me
Incoming request: OPTIONS /api/portfolio/me
Incoming request: OPTIONS /api/portfolio/me
Incoming request: GET /api/portfolio/me
Incoming request: GET /api/portfolio/me
Incoming request: GET /api/portfolio/me
Incoming request: GET /api/portfolio/me
Incoming request: OPTIONS /api/portfolio/me
Incoming request: OPTIONS /api/portfolio/me
Incoming request: GET /api/portfolio/me
Incoming request: GET /api/portfolio/me
Incoming request: GET /api/portfolio/me
Incoming request: GET /api/portfolio/me
Incoming request: GET /api/portfolio/me
Incoming request: GET /api/portfolio/me
Incoming request: OPTIONS /api/portfolio/p/Kiran%20V
Incoming request: OPTIONS /api/portfolio/p/Kiran%20V
Incoming request: GET /api/portfolio/p/Kiran%20V
Incoming request: GET /api/portfolio/p/Kiran%20V
Incoming request: OPTIONS /api/portfolio/p/Kiran%20V
Incoming request: OPTIONS /api/portfolio/p/Kiran%20V
Incoming request: GET /api/portfolio/p/Kiran%20V
Incoming request: GET /api/portfolio/p/Kiran%20V
Incoming request: OPTIONS /api/portfolio/me
Incoming request: OPTIONS /api/portfolio/me
Incoming request: GET /api/portfolio/me
Incoming request: GET /api/portfolio/me
Incoming request: OPTIONS /api/portfolio/me
Incoming request: PUT /api/portfolio/me
Incoming request: OPTIONS /api/portfolio/p/Kiran%20V
Incoming request: OPTIONS /api/portfolio/p/Kiran%20V
Incoming request: GET /api/portfolio/p/Kiran%20V
Incoming request: GET /api/portfolio/p/Kiran%20V
Incoming request: OPTIONS /api/portfolio/me
Incoming request: PUT /api/portfolio/me
Incoming request: PUT /api/portfolio/me
Incoming request: OPTIONS /api/portfolio/p/Kiran%20V
Incoming request: OPTIONS /api/portfolio/p/Kiran%20V
Incoming request: GET /api/portfolio/p/Kiran%20V
Incoming request: GET /api/portfolio/p/Kiran%20V
Incoming request: OPTIONS /api/portfolio/p/Kiran%20V
Incoming request: OPTIONS /api/portfolio/p/Kiran%20V
Incoming request: GET /api/portfolio/p/Kiran%20V
Incoming request: GET /api/portfolio/p/Kiran%20V
Incoming request: OPTIONS /api/portfolio/me
Incoming request: PUT /api/portfolio/me
Incoming request: OPTIONS /api/portfolio/p/Kiran%20V
Incoming request: OPTIONS /api/portfolio/p/Kiran%20V
Incoming request: GET /api/portfolio/p/Kiran%20V
Incoming request: GET /api/portfolio/p/Kiran%20V
Incoming request: OPTIONS /api/portfolio/me
Incoming request: PUT /api/portfolio/me
Incoming request: OPTIONS /api/portfolio/p/Kiran%20V
Incoming request: OPTIONS /api/portfolio/p/Kiran%20V
Incoming request: GET /api/portfolio/p/Kiran%20V
Incoming request: GET /api/portfolio/p/Kiran%20V
Incoming request: OPTIONS /api/portfolio/me
Incoming request: OPTIONS /api/portfolio/me
Incoming request: GET /api/portfolio/me
Incoming request: GET /api/portfolio/me
Incoming request: OPTIONS /api/portfolio/me
Incoming request: OPTIONS /api/portfolio/me
Incoming request: GET /api/portfolio/me
Incoming request: GET /api/portfolio/me
Incoming request: GET /api/portfolio/me
Incoming request: GET /api/portfolio/me
Incoming request: GET /api/portfolio/me
Incoming request: GET /api/portfolio/me
Incoming request: GET /api/portfolio/me
Incoming request: GET /api/portfolio/me
Incoming request: OPTIONS /api/portfolio/me
Incoming request: OPTIONS /api/portfolio/me
Incoming request: GET /api/portfolio/me
Incoming request: GET /api/portfolio/me
Incoming request: OPTIONS /api/portfolio/me
Incoming request: OPTIONS /api/portfolio/me
Incoming request: GET /api/portfolio/me
Incoming request: GET /api/portfolio/me
Incoming request: OPTIONS /api/portfolio/me
Incoming request: OPTIONS /api/portfolio/me
Incoming request: GET /api/portfolio/me
Incoming request: GET /api/portfolio/me
Incoming request: OPTIONS /api/auth/login
Incoming request: POST /api/auth/login
Incoming request: OPTIONS /api/portfolio/me
Incoming request: OPTIONS /api/portfolio/me
Incoming request: GET /api/portfolio/me
Incoming request: GET /api/portfolio/me
Incoming request: OPTIONS /api/auth/login
Incoming request: POST /api/auth/login
Incoming request: OPTIONS /api/portfolio/me
Incoming request: OPTIONS /api/portfolio/me
Incoming request: GET /api/portfolio/me
Incoming request: GET /api/portfolio/me
Incoming request: OPTIONS /api/auth/login
Incoming request: POST /api/auth/login
Incoming request: OPTIONS /api/portfolio/me
Incoming request: OPTIONS /api/portfolio/me
Incoming request: GET /api/portfolio/me
Incoming request: GET /api/portfolio/me
Incoming request: OPTIONS /api/portfolio/me
Incoming request: OPTIONS /api/portfolio/me
Incoming request: GET /api/portfolio/me
Incoming request: GET /api/portfolio/me
Incoming request: OPTIONS /api/resumes/upload
Incoming request: POST /api/resumes/upload
Incoming request: GET /api/portfolio/p/Kiran%20V
Incoming request: GET /favicon.ico
Unauthorized error: Full authentication is required to access this resource
Unauthorized error: Full authentication is required to access this resource
Incoming request: OPTIONS /api/resumes/upload
Incoming request: POST /api/resumes/upload
Incoming request: OPTIONS /api/portfolio/me
Incoming request: OPTIONS /api/portfolio/me
Incoming request: GET /api/portfolio/me
Incoming request: GET /api/portfolio/me
Incoming request: OPTIONS /api/resumes/upload
Incoming request: POST /api/resumes/upload
Incoming request: OPTIONS /api/auth/register
Incoming request: POST /api/auth/register
Incoming request: GET /swagger-ui.html
Unauthorized error: Full authentication is required to access this resource
Unauthorized error: Full authentication is required to access this resource
Incoming request: OPTIONS /api/auth/login
Incoming request: POST /api/auth/login
Incoming request: OPTIONS /api/portfolio/me
Incoming request: OPTIONS /api/portfolio/me
Incoming request: GET /api/portfolio/me
Incoming request: GET /api/portfolio/me
Incoming request: OPTIONS /api/resumes/upload
Incoming request: POST /api/resumes/upload
Incoming request: OPTIONS /api/resumes/upload
Incoming request: POST /api/resumes/upload
Incoming request: OPTIONS /api/resumes/upload
Incoming request: POST /api/resumes/upload
Incoming request: POST /api/resumes/upload
Incoming request: POST /api/resumes/upload
Incoming request: POST /api/resumes/upload
Incoming request: OPTIONS /api/resumes/upload
Incoming request: POST /api/resumes/upload
Incoming request: OPTIONS /api/resumes/upload
Incoming request: POST /api/resumes/upload
Incoming request: OPTIONS /api/resumes/upload
Incoming request: POST /api/resumes/upload
Incoming request: OPTIONS /api/resumes/upload
Incoming request: POST /api/resumes/upload
Incoming request: OPTIONS /api/portfolio/generate/694ada11658f4929f18776f4
Incoming request: POST /api/portfolio/generate/694ada11658f4929f18776f4
Incoming request: OPTIONS /api/portfolio/me
Incoming request: OPTIONS /api/portfolio/me
Incoming request: GET /api/portfolio/me
Incoming request: GET /api/portfolio/me
Incoming request: GET /api/portfolio/me
Incoming request: GET /api/portfolio/me
Incoming request: OPTIONS /api/portfolio/me
Incoming request: PUT /api/portfolio/me
Incoming request: PUT /api/portfolio/me
Incoming request: OPTIONS /api/portfolio/p/Kiran%20V
Incoming request: OPTIONS /api/portfolio/p/Kiran%20V
Incoming request: GET /api/portfolio/p/Kiran%20V
Incoming request: GET /api/portfolio/p/Kiran%20V
Incoming request: OPTIONS /api/auth/login
Incoming request: POST /api/auth/login
Incoming request: OPTIONS /api/portfolio/me
Incoming request: OPTIONS /api/portfolio/me
Incoming request: GET /api/portfolio/me
Incoming request: GET /api/portfolio/me
Incoming request: GET /api/portfolio/me
Incoming request: GET /api/portfolio/me
Incoming request: OPTIONS /api/portfolio/p/Kiran%20V
Incoming request: OPTIONS /api/portfolio/p/Kiran%20V
Incoming request: GET /api/portfolio/p/Kiran%20V
Incoming request: GET /api/portfolio/p/Kiran%20V
Incoming request: OPTIONS /api/auth/login
Incoming request: POST /api/auth/login
Incoming request: OPTIONS /api/auth/login
Incoming request: POST /api/auth/login
Incoming request: OPTIONS /api/portfolio/me
Incoming request: OPTIONS /api/portfolio/me
Incoming request: GET /api/portfolio/me
Incoming request: GET /api/portfolio/me
Incoming request: GET /api/portfolio/me
Incoming request: GET /api/portfolio/me
Incoming request: OPTIONS /api/auth/register
Incoming request: POST /api/auth/register
Incoming request: OPTIONS /api/auth/register
Incoming request: POST /api/auth/register
Incoming request: OPTIONS /api/auth/register
Incoming request: POST /api/auth/register
Incoming request: OPTIONS /api/auth/register
Incoming request: POST /api/auth/register
Incoming request: OPTIONS /api/auth/register
Incoming request: POST /api/auth/register
Incoming request: OPTIONS /api/portfolio/me
Incoming request: OPTIONS /api/portfolio/me
Incoming request: GET /api/portfolio/me
Incoming request: GET /api/portfolio/me
Incoming request: GET /api/portfolio/me
Incoming request: GET /api/portfolio/me
Incoming request: OPTIONS /api/portfolio/me
Incoming request: OPTIONS /api/portfolio/me
Incoming request: GET /api/portfolio/me
Incoming request: GET /api/portfolio/me
Incoming request: GET /api/portfolio/me
Incoming request: GET /api/portfolio/me
Incoming request: OPTIONS /api/portfolio/me
Incoming request: PUT /api/portfolio/me
Incoming request: PUT /api/portfolio/me
Incoming request: PUT /api/portfolio/me
Incoming request: PUT /api/portfolio/me
Incoming request: PUT /api/portfolio/me
Incoming request: OPTIONS /api/portfolio/p/Kiran%20V
Incoming request: OPTIONS /api/portfolio/p/Kiran%20V
Incoming request: GET /api/portfolio/p/Kiran%20V
Incoming request: GET /api/portfolio/p/Kiran%20V
Incoming request: OPTIONS /api/portfolio/p/Kiran%20V
Incoming request: OPTIONS /api/portfolio/p/Kiran%20V
Incoming request: GET /api/portfolio/p/Kiran%20V
Incoming request: GET /api/portfolio/p/Kiran%20V
Incoming request: OPTIONS /api/portfolio/me
Incoming request: OPTIONS /api/portfolio/me
Incoming request: GET /api/portfolio/me
Incoming request: GET /api/portfolio/me
Incoming request: OPTIONS /api/auth/login
Incoming request: POST /api/auth/login
Incoming request: OPTIONS /api/portfolio/me
Incoming request: OPTIONS /api/portfolio/me
Incoming request: GET /api/portfolio/me
Incoming request: GET /api/portfolio/me
Incoming request: GET /api/portfolio/me
Incoming request: GET /api/portfolio/me
Incoming request: OPTIONS /api/portfolio/me
Incoming request: OPTIONS /api/portfolio/me
Incoming request: GET /api/portfolio/me
Incoming request: GET /api/portfolio/me
Incoming request: GET /api/portfolio/me
Incoming request: GET /api/portfolio/me
Incoming request: OPTIONS /api/portfolio/me
Incoming request: PUT /api/portfolio/me
Incoming request: PUT /api/portfolio/me
Incoming request: OPTIONS /api/portfolio/me
Incoming request: GET /api/portfolio/me
Incoming request: OPTIONS /api/resumes/upload
Incoming request: POST /api/resumes/upload
Incoming request: OPTIONS /api/portfolio/generate/6956362c0d67e12b1d67e4f4
Incoming request: POST /api/portfolio/generate/6956362c0d67e12b1d67e4f4
Incoming request: OPTIONS /api/portfolio/me
Incoming request: OPTIONS /api/portfolio/me
Incoming request: GET /api/portfolio/me
Incoming request: GET /api/portfolio/me
Incoming request: GET /api/portfolio/me
Incoming request: GET /api/portfolio/me
Incoming request: OPTIONS /api/portfolio/me
Incoming request: PUT /api/portfolio/me
Incoming request: PUT /api/portfolio/me
Incoming request: GET /p/Kiran%20V
Unauthorized error: Full authentication is required to access this resource
Unauthorized error: Full authentication is required to access this resource
Incoming request: GET /p/Kiran%20V
Unauthorized error: Full authentication is required to access this resource
Unauthorized error: Full authentication is required to access this resource
Incoming request: OPTIONS /api/portfolio/me
Incoming request: PUT /api/portfolio/me
Incoming request: GET /p/Kiran%20V
Unauthorized error: Full authentication is required to access this resource
Unauthorized error: Full authentication is required to access this resource
Incoming request: OPTIONS /api/portfolio/me
Incoming request: OPTIONS /api/portfolio/me
Incoming request: GET /api/portfolio/me
Incoming request: GET /api/portfolio/me
Incoming request: OPTIONS /api/resumes/upload
Incoming request: POST /api/resumes/upload
Incoming request: OPTIONS /api/portfolio/generate/695636910d67e12b1d67e4f5
Incoming request: POST /api/portfolio/generate/695636910d67e12b1d67e4f5
Incoming request: OPTIONS /api/portfolio/me
Incoming request: OPTIONS /api/portfolio/me
Incoming request: GET /api/portfolio/me
Incoming request: GET /api/portfolio/me
Incoming request: GET /api/portfolio/me
Incoming request: GET /api/portfolio/me
Incoming request: OPTIONS /api/portfolio/me
Incoming request: OPTIONS /api/portfolio/me
Incoming request: GET /api/portfolio/me
Incoming request: GET /api/portfolio/me
Incoming request: OPTIONS /api/auth/login
Incoming request: POST /api/auth/login
Incoming request: OPTIONS /api/portfolio/me
Incoming request: OPTIONS /api/portfolio/me
Incoming request: GET /api/portfolio/me
Incoming request: GET /api/portfolio/me
Incoming request: GET /api/portfolio/me
Incoming request: GET /api/portfolio/me
Incoming request: OPTIONS /api/portfolio/me
Incoming request: PUT /api/portfolio/me
Incoming request: GET /p/Kiran%20V
Unauthorized error: Full authentication is required to access this resource
Unauthorized error: Full authentication is required to access this resource
Incoming request: GET /p/Kiran%20V
Unauthorized error: Full authentication is required to access this resource
Unauthorized error: Full authentication is required to access this resource
Incoming request: OPTIONS /api/resumes/upload
Incoming request: POST /api/resumes/upload
Incoming request: OPTIONS /api/portfolio/generate/695637fc1d8610357013a73a
Incoming request: POST /api/portfolio/generate/695637fc1d8610357013a73a
Incoming request: OPTIONS /api/portfolio/me
Incoming request: OPTIONS /api/portfolio/me
Incoming request: GET /api/portfolio/me
Incoming request: GET /api/portfolio/me
Incoming request: GET /api/portfolio/me
Incoming request: GET /api/portfolio/me
Incoming request: OPTIONS /api/portfolio/me
Incoming request: PUT /api/portfolio/me
Incoming request: PUT /api/portfolio/me
Incoming request: PUT /api/portfolio/me
Incoming request: GET /p/Kiran%20V
Unauthorized error: Full authentication is required to access this resource
Unauthorized error: Full authentication is required to access this resource
Incoming request: OPTIONS /api/portfolio/me
Incoming request: GET /api/portfolio/me
Incoming request: GET /api/portfolio/me
Incoming request: GET /api/portfolio/me
Incoming request: GET /api/portfolio/me
Incoming request: OPTIONS /api/resumes/upload
Incoming request: POST /api/resumes/upload
Incoming request: OPTIONS /api/portfolio/generate/6956383f1d8610357013a73b
Incoming request: POST /api/portfolio/generate/6956383f1d8610357013a73b
Incoming request: OPTIONS /api/portfolio/me
Incoming request: OPTIONS /api/portfolio/me
Incoming request: GET /api/portfolio/me
Incoming request: GET /api/portfolio/me
Incoming request: GET /api/portfolio/me
Incoming request: GET /api/portfolio/me
Incoming request: OPTIONS /api/resumes/upload
Incoming request: POST /api/resumes/upload
Incoming request: OPTIONS /api/portfolio/generate/6956389e1d8610357013a73c
Incoming request: POST /api/portfolio/generate/6956389e1d8610357013a73c
Incoming request: OPTIONS /api/portfolio/me
Incoming request: OPTIONS /api/portfolio/me
Incoming request: GET /api/portfolio/me
Incoming request: GET /api/portfolio/me
Incoming request: GET /api/portfolio/me
Incoming request: GET /api/portfolio/me
Incoming request: OPTIONS /api/portfolio/me
Incoming request: PUT /api/portfolio/me
Incoming request: PUT /api/portfolio/me
Incoming request: PUT /api/portfolio/me
Incoming request: GET /p/Kiran%20V
Unauthorized error: Full authentication is required to access this resource
Unauthorized error: Full authentication is required to access this resource
Incoming request: GET /p/Kiran%20V
Unauthorized error: Full authentication is required to access this resource
Unauthorized error: Full authentication is required to access this resource
Incoming request: OPTIONS /api/portfolio/me
Incoming request: OPTIONS /api/portfolio/me
Incoming request: GET /api/portfolio/me
Incoming request: GET /api/portfolio/me
Incoming request: OPTIONS /api/portfolio/me
Incoming request: PUT /api/portfolio/me
Incoming request: OPTIONS /api/portfolio/p/Kiran%20V
Incoming request: OPTIONS /api/portfolio/p/Kiran%20V
Incoming request: GET /api/portfolio/p/Kiran%20V
Incoming request: GET /api/portfolio/p/Kiran%20V
Incoming request: OPTIONS /api/resumes/upload
Incoming request: POST /api/resumes/upload
Incoming request: OPTIONS /api/portfolio/generate/69563a0ad610de172db85e8e
Incoming request: POST /api/portfolio/generate/69563a0ad610de172db85e8e
Incoming request: OPTIONS /api/portfolio/me
Incoming request: OPTIONS /api/portfolio/me
Incoming request: GET /api/portfolio/me
Incoming request: GET /api/portfolio/me
Incoming request: GET /api/portfolio/me
Incoming request: GET /api/portfolio/me
Incoming request: OPTIONS /api/portfolio/me
Incoming request: PUT /api/portfolio/me
Incoming request: PUT /api/portfolio/me
Incoming request: OPTIONS /api/portfolio/p/Kiran%20V
Incoming request: OPTIONS /api/portfolio/p/Kiran%20V
Incoming request: GET /api/portfolio/p/Kiran%20V
Incoming request: GET /api/portfolio/p/Kiran%20V
Incoming request: OPTIONS /api/portfolio/me
Incoming request: OPTIONS /api/portfolio/me
Incoming request: GET /api/portfolio/me
Incoming request: GET /api/portfolio/me
Incoming request: GET /api/portfolio/me
Incoming request: GET /api/portfolio/me
Incoming request: OPTIONS /api/portfolio/me
Incoming request: PUT /api/portfolio/me
Incoming request: OPTIONS /api/portfolio/p/Kiran%20V
Incoming request: OPTIONS /api/portfolio/p/Kiran%20V
Incoming request: GET /api/portfolio/p/Kiran%20V
Incoming request: GET /api/portfolio/p/Kiran%20V
Incoming request: OPTIONS /api/resumes/upload
Incoming request: POST /api/resumes/upload
Incoming request: OPTIONS /api/portfolio/generate/69563bb190a01b08708656a4
Incoming request: POST /api/portfolio/generate/69563bb190a01b08708656a4
Incoming request: OPTIONS /api/portfolio/me
Incoming request: OPTIONS /api/portfolio/me
Incoming request: GET /api/portfolio/me
Incoming request: GET /api/portfolio/me
Incoming request: GET /api/portfolio/me
Incoming request: GET /api/portfolio/me
Incoming request: OPTIONS /api/portfolio/me
Incoming request: PUT /api/portfolio/me
Incoming request: PUT /api/portfolio/me
Incoming request: OPTIONS /api/portfolio/p/Kiran%20V
Incoming request: OPTIONS /api/portfolio/p/Kiran%20V
Incoming request: GET /api/portfolio/p/Kiran%20V
Incoming request: GET /api/portfolio/p/Kiran%20V
Incoming request: OPTIONS /api/portfolio/me
Incoming request: PUT /api/portfolio/me
Incoming request: OPTIONS /api/portfolio/p/Kiran%20V
Incoming request: OPTIONS /api/portfolio/p/Kiran%20V
Incoming request: GET /api/portfolio/p/Kiran%20V
Incoming request: GET /api/portfolio/p/Kiran%20V
Incoming request: OPTIONS /api/portfolio/p/Kiran%20V
Incoming request: OPTIONS /api/portfolio/p/Kiran%20V
Incoming request: GET /api/portfolio/p/Kiran%20V
Incoming request: GET /api/portfolio/p/Kiran%20V
Incoming request: OPTIONS /api/resumes/upload
Incoming request: POST /api/resumes/upload
Incoming request: OPTIONS /api/portfolio/generate/69563e2f1989df3559469a46
Incoming request: POST /api/portfolio/generate/69563e2f1989df3559469a46
Incoming request: OPTIONS /api/portfolio/me
Incoming request: OPTIONS /api/portfolio/me
Incoming request: GET /api/portfolio/me
Incoming request: GET /api/portfolio/me
Incoming request: GET /api/portfolio/me
Incoming request: GET /api/portfolio/me
Incoming request: OPTIONS /api/portfolio/me
Incoming request: PUT /api/portfolio/me
Incoming request: PUT /api/portfolio/me
Incoming request: OPTIONS /api/portfolio/me
Incoming request: PUT /api/portfolio/me
Incoming request: OPTIONS /api/portfolio/p/Kiran%20V
Incoming request: OPTIONS /api/portfolio/p/Kiran%20V
Incoming request: GET /api/portfolio/p/Kiran%20V
Incoming request: GET /api/portfolio/p/Kiran%20V
Incoming request: OPTIONS /api/portfolio/p/Kiran%20V
Incoming request: OPTIONS /api/portfolio/p/Kiran%20V
Incoming request: GET /api/portfolio/p/Kiran%20V
Incoming request: GET /api/portfolio/p/Kiran%20V
Incoming request: GET /api/portfolio/p/Kiran%20V
Incoming request: GET /api/portfolio/p/Kiran%20V
Incoming request: OPTIONS /api/portfolio/me
Incoming request: PUT /api/portfolio/me
Incoming request: OPTIONS /api/portfolio/p/Kiran%20V
Incoming request: OPTIONS /api/portfolio/p/Kiran%20V
Incoming request: GET /api/portfolio/p/Kiran%20V
Incoming request: GET /api/portfolio/p/Kiran%20V
Incoming request: OPTIONS /api/portfolio/p/Kiran%20V
Incoming request: OPTIONS /api/portfolio/p/Kiran%20V
Incoming request: GET /api/portfolio/p/Kiran%20V
Incoming request: GET /api/portfolio/p/Kiran%20V
Incoming request: OPTIONS /api/portfolio/p/Kiran%20V
Incoming request: OPTIONS /api/portfolio/p/Kiran%20V
Incoming request: GET /api/portfolio/p/Kiran%20V
Incoming request: GET /api/portfolio/p/Kiran%20V
Incoming request: OPTIONS /api/portfolio/me
Incoming request: PUT /api/portfolio/me
Incoming request: OPTIONS /api/portfolio/p/Kiran%20V
Incoming request: OPTIONS /api/portfolio/p/Kiran%20V
Incoming request: GET /api/portfolio/p/Kiran%20V
Incoming request: GET /api/portfolio/p/Kiran%20V
Incoming request: OPTIONS /api/portfolio/me
Incoming request: OPTIONS /api/portfolio/me
Incoming request: GET /api/portfolio/me
Incoming request: GET /api/portfolio/me
Incoming request: OPTIONS /api/portfolio/me
Incoming request: OPTIONS /api/portfolio/me
Incoming request: GET /api/portfolio/me
Incoming request: GET /api/portfolio/me
Incoming request: OPTIONS /api/portfolio/me
Incoming request: PUT /api/portfolio/me
Incoming request: OPTIONS /api/portfolio/p/Kiran%20V
Incoming request: OPTIONS /api/portfolio/p/Kiran%20V
Incoming request: GET /api/portfolio/p/Kiran%20V
Incoming request: GET /api/portfolio/p/Kiran%20V
Incoming request: OPTIONS /api/portfolio/p/Kiran%20V
Incoming request: OPTIONS /api/portfolio/p/Kiran%20V
Incoming request: GET /api/portfolio/p/Kiran%20V
Incoming request: GET /api/portfolio/p/Kiran%20V
Incoming request: OPTIONS /api/portfolio/p/Kiran%20V
Incoming request: GET /api/portfolio/p/Kiran%20V
Incoming request: GET /api/portfolio/p/Kiran%20V
Incoming request: GET /api/portfolio/p/Kiran%20V
Incoming request: GET /api/portfolio/p/Kiran%20V
Incoming request: GET /api/portfolio/p/Kiran%20V
Incoming request: GET /api/portfolio/p/Kiran%20V
Incoming request: OPTIONS /api/portfolio/p/Kiran%20V
Incoming request: OPTIONS /api/portfolio/p/Kiran%20V
Incoming request: GET /api/portfolio/p/Kiran%20V
Incoming request: GET /api/portfolio/p/Kiran%20V
Incoming request: OPTIONS /api/portfolio/p/Kiran%20V
Incoming request: OPTIONS /api/portfolio/p/Kiran%20V
Incoming request: GET /api/portfolio/p/Kiran%20V
Incoming request: GET /api/portfolio/p/Kiran%20V
Incoming request: OPTIONS /api/portfolio/p/Kiran%20V
Incoming request: OPTIONS /api/portfolio/p/Kiran%20V
Incoming request: OPTIONS /api/portfolio/p/Kiran%20V
Incoming request: GET /api/portfolio/p/Kiran%20V
Incoming request: GET /api/portfolio/p/Kiran%20V
Incoming request: GET /api/portfolio/p/Kiran%20V
Incoming request: GET /api/portfolio/p/Kiran%20V
Incoming request: GET /api/portfolio/p/Kiran%20V
Incoming request: GET /api/portfolio/p/Kiran%20V
Incoming request: OPTIONS /api/portfolio/me
Incoming request: PUT /api/portfolio/me
Incoming request: OPTIONS /api/portfolio/p/Kiran%20V
Incoming request: OPTIONS /api/portfolio/p/Kiran%20V
Incoming request: GET /api/portfolio/p/Kiran%20V
Incoming request: GET /api/portfolio/p/Kiran%20V
Incoming request: OPTIONS /api/portfolio/me
Incoming request: PUT /api/portfolio/me
Incoming request: OPTIONS /api/portfolio/p/Kiran%20V
Incoming request: OPTIONS /api/portfolio/p/Kiran%20V
Incoming request: GET /api/portfolio/p/Kiran%20V
Incoming request: GET /api/portfolio/p/Kiran%20V
Incoming request: OPTIONS /api/portfolio/me
Incoming request: PUT /api/portfolio/me
Incoming request: PUT /api/portfolio/me
Incoming request: OPTIONS /api/portfolio/p/Kiran%20V
Incoming request: OPTIONS /api/portfolio/p/Kiran%20V
Incoming request: GET /api/portfolio/p/Kiran%20V
Incoming request: GET /api/portfolio/p/Kiran%20V
Incoming request: OPTIONS /api/portfolio/me
Incoming request: OPTIONS /api/portfolio/me
Incoming request: GET /api/portfolio/me
Incoming request: GET /api/portfolio/me
Incoming request: GET /api/portfolio/me
Incoming request: GET /api/portfolio/me
Incoming request: OPTIONS /api/portfolio/me
Incoming request: PUT /api/portfolio/me
Incoming request: OPTIONS /api/portfolio/p/Kiran%20V
Incoming request: OPTIONS /api/portfolio/p/Kiran%20V
Incoming request: GET /api/portfolio/p/Kiran%20V
Incoming request: GET /api/portfolio/p/Kiran%20V
Incoming request: OPTIONS /api/portfolio/p/Kiran%20V
Incoming request: OPTIONS /api/portfolio/p/Kiran%20V
Incoming request: GET /api/portfolio/p/Kiran%20V
Incoming request: GET /api/portfolio/p/Kiran%20V
Incoming request: GET /api/portfolio/p/Kiran%20V
Incoming request: GET /api/portfolio/p/Kiran%20V
Incoming request: GET /api/portfolio/p/Kiran%20V
Incoming request: GET /api/portfolio/p/Kiran%20V
Incoming request: GET /api/portfolio/p/Kiran%20V
Incoming request: GET /api/portfolio/p/Kiran%20V
Incoming request: GET /api/portfolio/p/Kiran%20V
Incoming request: GET /api/portfolio/p/Kiran%20V
Incoming request: GET /api/portfolio/p/Kiran%20V
Incoming request: GET /api/portfolio/p/Kiran%20V
Incoming request: OPTIONS /api/portfolio/me
Incoming request: OPTIONS /api/portfolio/me
Incoming request: GET /api/portfolio/me
Incoming request: GET /api/portfolio/me
Incoming request: OPTIONS /api/portfolio/p/Kiran%20V
Incoming request: OPTIONS /api/portfolio/p/Kiran%20V
Incoming request: GET /api/portfolio/p/Kiran%20V
Incoming request: GET /api/portfolio/p/Kiran%20V
Incoming request: OPTIONS /api/portfolio/me
Incoming request: PUT /api/portfolio/me
Incoming request: OPTIONS /api/portfolio/p/Kiran%20V
Incoming request: OPTIONS /api/portfolio/p/Kiran%20V
Incoming request: GET /api/portfolio/p/Kiran%20V
Incoming request: GET /api/portfolio/p/Kiran%20V
Incoming request: OPTIONS /api/portfolio/p/Kiran%20V
Incoming request: OPTIONS /api/portfolio/p/Kiran%20V
Incoming request: GET /api/portfolio/p/Kiran%20V
Incoming request: GET /api/portfolio/p/Kiran%20V
Incoming request: OPTIONS /api/auth/login
Incoming request: POST /api/auth/login
Incoming request: OPTIONS /api/portfolio/me
Incoming request: OPTIONS /api/portfolio/me
Incoming request: GET /api/portfolio/me
Incoming request: GET /api/portfolio/me
Incoming request: GET /api/portfolio/me
Incoming request: GET /api/portfolio/me
Incoming request: OPTIONS /api/portfolio/p/Kiran%20V
Incoming request: OPTIONS /api/portfolio/p/Kiran%20V
Incoming request: GET /api/portfolio/p/Kiran%20V
Incoming request: GET /api/portfolio/p/Kiran%20V
Incoming request: OPTIONS /api/portfolio/me
Incoming request: PUT /api/portfolio/me
Incoming request: OPTIONS /api/portfolio/p/Kiran%20V
Incoming request: OPTIONS /api/portfolio/p/Kiran%20V
Incoming request: GET /api/portfolio/p/Kiran%20V
Incoming request: GET /api/portfolio/p/Kiran%20V
Incoming request: OPTIONS /api/resumes/upload
Incoming request: POST /api/resumes/upload
Incoming request: OPTIONS /api/portfolio/generate/6957729336e84f24b162e0e8
Incoming request: POST /api/portfolio/generate/6957729336e84f24b162e0e8
Incoming request: OPTIONS /api/portfolio/me
Incoming request: OPTIONS /api/portfolio/me
Incoming request: GET /api/portfolio/me
Incoming request: GET /api/portfolio/me
Incoming request: GET /api/portfolio/me
Incoming request: GET /api/portfolio/me
Incoming request: OPTIONS /api/portfolio/me
Incoming request: OPTIONS /api/portfolio/me
Incoming request: GET /api/portfolio/me
Incoming request: GET /api/portfolio/me
Incoming request: OPTIONS /api/resumes/upload
Incoming request: POST /api/resumes/upload
Incoming request: OPTIONS /api/portfolio/generate/6957731736e84f24b162e0e9
Incoming request: POST /api/portfolio/generate/6957731736e84f24b162e0e9
Incoming request: OPTIONS /api/portfolio/me
Incoming request: GET /api/portfolio/me
Incoming request: GET /api/portfolio/me
Incoming request: GET /api/portfolio/me
Incoming request: GET /api/portfolio/me
Incoming request: OPTIONS /api/resumes/upload
Incoming request: POST /api/resumes/upload
Incoming request: OPTIONS /api/portfolio/generate/6957733336e84f24b162e0ea
Incoming request: POST /api/portfolio/generate/6957733336e84f24b162e0ea
Incoming request: OPTIONS /api/portfolio/me
Incoming request: OPTIONS /api/portfolio/me
Incoming request: GET /api/portfolio/me
Incoming request: GET /api/portfolio/me
Incoming request: GET /api/portfolio/me
Incoming request: GET /api/portfolio/me
Incoming request: OPTIONS /api/portfolio/me
Incoming request: PUT /api/portfolio/me
Incoming request: OPTIONS /api/portfolio/me
Incoming request: OPTIONS /api/portfolio/me
Incoming request: GET /api/portfolio/me
Incoming request: GET /api/portfolio/me
Incoming request: OPTIONS /api/resumes/upload
Incoming request: POST /api/resumes/upload
Incoming request: OPTIONS /api/portfolio/generate/695773a636e84f24b162e0eb
Incoming request: POST /api/portfolio/generate/695773a636e84f24b162e0eb
Incoming request: OPTIONS /api/portfolio/me
Incoming request: OPTIONS /api/portfolio/me
Incoming request: GET /api/portfolio/me
Incoming request: GET /api/portfolio/me
Incoming request: GET /api/portfolio/me
Incoming request: GET /api/portfolio/me
Incoming request: OPTIONS /api/portfolio/me
Incoming request: OPTIONS /api/portfolio/me
Incoming request: GET /api/portfolio/me
Incoming request: GET /api/portfolio/me
Incoming request: OPTIONS /api/resumes/upload
Incoming request: POST /api/resumes/upload
Incoming request: OPTIONS /api/portfolio/generate/695774ef8f96491dcf9c2438
Incoming request: POST /api/portfolio/generate/695774ef8f96491dcf9c2438
Incoming request: OPTIONS /api/portfolio/me
Incoming request: GET /api/portfolio/me
Incoming request: GET /api/portfolio/me
Incoming request: GET /api/portfolio/me
Incoming request: GET /api/portfolio/me
Incoming request: OPTIONS /api/portfolio/me
Incoming request: OPTIONS /api/portfolio/me
Incoming request: GET /api/portfolio/me
Incoming request: GET /api/portfolio/me
Incoming request: OPTIONS /api/portfolio/me
Incoming request: OPTIONS /api/portfolio/me
Incoming request: GET /api/portfolio/me
Incoming request: GET /api/portfolio/me
Incoming request: GET /api/portfolio/me
Incoming request: GET /api/portfolio/me
Incoming request: GET /api/portfolio/me
Incoming request: GET /api/portfolio/me
Incoming request: OPTIONS /api/resumes/upload
Incoming request: POST /api/resumes/upload
Incoming request: OPTIONS /api/portfolio/generate/695775a2cce4ba7002bf6bb4
Incoming request: POST /api/portfolio/generate/695775a2cce4ba7002bf6bb4
Incoming request: OPTIONS /api/portfolio/me
Incoming request: OPTIONS /api/portfolio/me
Incoming request: GET /api/portfolio/me
Incoming request: GET /api/portfolio/me
Incoming request: GET /api/portfolio/me
Incoming request: GET /api/portfolio/me
Incoming request: OPTIONS /api/portfolio/me
Incoming request: OPTIONS /api/portfolio/me
Incoming request: GET /api/portfolio/me
Incoming request: GET /api/portfolio/me
Incoming request: OPTIONS /api/resumes/upload
Incoming request: POST /api/resumes/upload
Incoming request: OPTIONS /api/portfolio/generate/69577662a5f630383a2852b2
Incoming request: POST /api/portfolio/generate/69577662a5f630383a2852b2
Incoming request: OPTIONS /api/portfolio/me
Incoming request: OPTIONS /api/portfolio/me
Incoming request: GET /api/portfolio/me
Incoming request: GET /api/portfolio/me
Incoming request: GET /api/portfolio/me
Incoming request: GET /api/portfolio/me
Incoming request: OPTIONS /api/resumes/upload
Incoming request: POST /api/resumes/upload
Incoming request: OPTIONS /api/portfolio/generate/695778ec26e45476f220e13b
Incoming request: POST /api/portfolio/generate/695778ec26e45476f220e13b
Incoming request: OPTIONS /api/portfolio/me
Incoming request: GET /api/portfolio/me
Incoming request: GET /api/portfolio/me
Incoming request: GET /api/portfolio/me
Incoming request: GET /api/portfolio/me
Incoming request: OPTIONS /api/auth/login
Incoming request: POST /api/auth/login
Incoming request: OPTIONS /api/resumes/upload
Incoming request: POST /api/resumes/upload
Incoming request: OPTIONS /api/portfolio/generate/69577ce0ec43364dd1e81d8a
Incoming request: POST /api/portfolio/generate/69577ce0ec43364dd1e81d8a
Incoming request: OPTIONS /api/portfolio/me
Incoming request: OPTIONS /api/portfolio/me
Incoming request: GET /api/portfolio/me
Incoming request: GET /api/portfolio/me
Incoming request: GET /api/portfolio/me
Incoming request: GET /api/portfolio/me
Incoming request: OPTIONS /api/auth/login
Incoming request: POST /api/auth/login
Incoming request: OPTIONS /api/portfolio/me
Incoming request: OPTIONS /api/portfolio/me
Incoming request: GET /api/portfolio/me
Incoming request: GET /api/portfolio/me
Incoming request: GET /api/portfolio/me
Incoming request: GET /api/portfolio/me
Incoming request: OPTIONS /api/portfolio/me
Incoming request: OPTIONS /api/portfolio/me
Incoming request: GET /api/portfolio/me
Incoming request: GET /api/portfolio/me
Incoming request: OPTIONS /api/resumes/upload
Incoming request: POST /api/resumes/upload
Incoming request: OPTIONS /api/portfolio/generate/69577e86ec43364dd1e81d8b
Incoming request: POST /api/portfolio/generate/69577e86ec43364dd1e81d8b
Incoming request: OPTIONS /api/portfolio/me
Incoming request: GET /api/portfolio/me
Incoming request: GET /api/portfolio/me
Incoming request: GET /api/portfolio/me
Incoming request: GET /api/portfolio/me
Incoming request: OPTIONS /api/resumes/upload
Incoming request: POST /api/resumes/upload
Incoming request: OPTIONS /api/portfolio/generate/69577f013dedb87f72b5eb6d
Incoming request: POST /api/portfolio/generate/69577f013dedb87f72b5eb6d
Incoming request: OPTIONS /api/portfolio/me
Incoming request: OPTIONS /api/portfolio/me
Incoming request: GET /api/portfolio/me
Incoming request: GET /api/portfolio/me
Incoming request: GET /api/portfolio/me
Incoming request: GET /api/portfolio/me
Incoming request: OPTIONS /api/portfolio/me
Incoming request: OPTIONS /api/portfolio/me
Incoming request: GET /api/portfolio/me
Incoming request: GET /api/portfolio/me
Incoming request: OPTIONS /api/portfolio/me
Incoming request: GET /api/portfolio/me
Incoming request: OPTIONS /api/portfolio/me
Incoming request: PUT /api/portfolio/me
Incoming request: OPTIONS /api/portfolio/p/Kiran%20V
Incoming request: OPTIONS /api/portfolio/p/Kiran%20V
Incoming request: GET /api/portfolio/p/Kiran%20V
Incoming request: GET /api/portfolio/p/Kiran%20V
Incoming request: OPTIONS /api/portfolio/me
Incoming request: OPTIONS /api/portfolio/me
Incoming request: GET /api/portfolio/me
Incoming request: GET /api/portfolio/me
Incoming request: OPTIONS /api/resumes/upload
Incoming request: POST /api/resumes/upload
Incoming request: OPTIONS /api/portfolio/generate/6957816c73c8c107de0b7c62
Incoming request: POST /api/portfolio/generate/6957816c73c8c107de0b7c62
Incoming request: OPTIONS /api/portfolio/me
Incoming request: GET /api/portfolio/me
Incoming request: GET /api/portfolio/me
Incoming request: GET /api/portfolio/me
Incoming request: GET /api/portfolio/me
Incoming request: OPTIONS /api/resumes/upload
Incoming request: POST /api/resumes/upload
Incoming request: OPTIONS /api/portfolio/generate/695781ff2e2c8a38a97b9150
Incoming request: POST /api/portfolio/generate/695781ff2e2c8a38a97b9150
Incoming request: OPTIONS /api/portfolio/me
Incoming request: OPTIONS /api/portfolio/me
Incoming request: GET /api/portfolio/me
Incoming request: GET /api/portfolio/me
Incoming request: GET /api/portfolio/me
Incoming request: GET /api/portfolio/me
Incoming request: OPTIONS /api/portfolio/me
Incoming request: PUT /api/portfolio/me
Incoming request: PUT /api/portfolio/me
Incoming request: OPTIONS /api/portfolio/p/Kiran%20V
Incoming request: OPTIONS /api/portfolio/p/Kiran%20V
Incoming request: GET /api/portfolio/p/Kiran%20V
Incoming request: GET /api/portfolio/p/Kiran%20V
Incoming request: OPTIONS /api/portfolio/p/Kiran%20V
Incoming request: OPTIONS /api/portfolio/p/Kiran%20V
Incoming request: GET /api/portfolio/p/Kiran%20V
Incoming request: GET /api/portfolio/p/Kiran%20V
Incoming request: OPTIONS /api/portfolio/p/Kiran%20V
Incoming request: OPTIONS /api/portfolio/p/Kiran%20V
Incoming request: GET /api/portfolio/p/Kiran%20V
Incoming request: GET /api/portfolio/p/Kiran%20V
Incoming request: OPTIONS /api/portfolio/p/Kiran%20V
Incoming request: OPTIONS /api/portfolio/p/Kiran%20V
Incoming request: GET /api/portfolio/p/Kiran%20V
Incoming request: GET /api/portfolio/p/Kiran%20V
Incoming request: GET /api/portfolio/p/Kiran%20V
Incoming request: GET /api/portfolio/p/Kiran%20V
Incoming request: GET /api/portfolio/p/Kiran%20V
Incoming request: GET /api/portfolio/p/Kiran%20V
Incoming request: OPTIONS /api/auth/login
Incoming request: POST /api/auth/login
Incoming request: OPTIONS /api/portfolio/me
Incoming request: OPTIONS /api/portfolio/me
Incoming request: GET /api/portfolio/me
Incoming request: GET /api/portfolio/me
Incoming request: GET /api/portfolio/me
Incoming request: GET /api/portfolio/me
Incoming request: OPTIONS /api/portfolio/p/Kiran%20V
Incoming request: OPTIONS /api/portfolio/p/Kiran%20V
Incoming request: GET /api/portfolio/p/Kiran%20V
Incoming request: GET /api/portfolio/p/Kiran%20V
Incoming request: OPTIONS /api/portfolio/p/Kiran%20V
Incoming request: OPTIONS /api/portfolio/p/Kiran%20V
Incoming request: GET /api/portfolio/p/Kiran%20V
Incoming request: GET /api/portfolio/p/Kiran%20V
Incoming request: OPTIONS /api/portfolio/p/Kiran%20V
Incoming request: OPTIONS /api/portfolio/p/Kiran%20V
Incoming request: GET /api/portfolio/p/Kiran%20V
Incoming request: GET /api/portfolio/p/Kiran%20V
Incoming request: OPTIONS /api/portfolio/me
Incoming request: PUT /api/portfolio/me
Incoming request: OPTIONS /api/portfolio/p/Kiran%20V
Incoming request: OPTIONS /api/portfolio/p/Kiran%20V
Incoming request: GET /api/portfolio/p/Kiran%20V
Incoming request: GET /api/portfolio/p/Kiran%20V
Incoming request: OPTIONS /api/portfolio/p/Kiran%20V
Incoming request: OPTIONS /api/portfolio/p/Kiran%20V
Incoming request: GET /api/portfolio/p/Kiran%20V
Incoming request: GET /api/portfolio/p/Kiran%20V
Incoming request: OPTIONS /api/portfolio/p/Kiran%20V
Incoming request: OPTIONS /api/portfolio/p/Kiran%20V
Incoming request: GET /api/portfolio/p/Kiran%20V
Incoming request: GET /api/portfolio/p/Kiran%20V
Incoming request: OPTIONS /api/portfolio/p/Kiran%20V
Incoming request: OPTIONS /api/portfolio/p/Kiran%20V
Incoming request: OPTIONS /api/portfolio/p/Kiran%20V
Incoming request: GET /api/portfolio/p/Kiran%20V
Incoming request: GET /api/portfolio/p/Kiran%20V
Incoming request: GET /api/portfolio/p/Kiran%20V
Incoming request: GET /api/portfolio/p/Kiran%20V
Incoming request: OPTIONS /api/portfolio/p/Kiran%20V
Incoming request: OPTIONS /api/portfolio/p/Kiran%20V
Incoming request: GET /api/portfolio/p/Kiran%20V
Incoming request: GET /api/portfolio/p/Kiran%20V
Incoming request: OPTIONS /api/portfolio/p/Kiran%20V
Incoming request: OPTIONS /api/portfolio/p/Kiran%20V
Incoming request: GET /api/portfolio/p/Kiran%20V
Incoming request: GET /api/portfolio/p/Kiran%20V
Incoming request: OPTIONS /api/portfolio/me
Incoming request: PUT /api/portfolio/me
Incoming request: OPTIONS /api/portfolio/p/Kiran%20V
Incoming request: OPTIONS /api/portfolio/p/Kiran%20V
Incoming request: GET /api/portfolio/p/Kiran%20V
Incoming request: GET /api/portfolio/p/Kiran%20V
Incoming request: OPTIONS /api/portfolio/p/Kiran%20V
Incoming request: OPTIONS /api/portfolio/p/Kiran%20V
Incoming request: GET /api/portfolio/p/Kiran%20V
Incoming request: GET /api/portfolio/p/Kiran%20V
Incoming request: OPTIONS /api/portfolio/me
Incoming request: PUT /api/portfolio/me
Incoming request: OPTIONS /api/portfolio/p/Kiran%20V
Incoming request: OPTIONS /api/portfolio/p/Kiran%20V
Incoming request: GET /api/portfolio/p/Kiran%20V
Incoming request: GET /api/portfolio/p/Kiran%20V
Incoming request: OPTIONS /api/portfolio/me
Incoming request: PUT /api/portfolio/me
Incoming request: OPTIONS /api/portfolio/p/Kiran%20V
Incoming request: OPTIONS /api/portfolio/p/Kiran%20V
Incoming request: GET /api/portfolio/p/Kiran%20V
Incoming request: GET /api/portfolio/p/Kiran%20V
Incoming request: OPTIONS /api/portfolio/me
Incoming request: OPTIONS /api/portfolio/me
Incoming request: GET /api/portfolio/me
Incoming request: GET /api/portfolio/me
Incoming request: OPTIONS /api/portfolio/me
Incoming request: PUT /api/portfolio/me
Incoming request: OPTIONS /api/portfolio/p/Kiran%20V
Incoming request: OPTIONS /api/portfolio/p/Kiran%20V
Incoming request: GET /api/portfolio/p/Kiran%20V
Incoming request: GET /api/portfolio/p/Kiran%20V
Incoming request: OPTIONS /api/portfolio/me
Incoming request: PUT /api/portfolio/me
Incoming request: PUT /api/portfolio/me
Incoming request: OPTIONS /api/portfolio/p/Kiran%20V
Incoming request: OPTIONS /api/portfolio/p/Kiran%20V
Incoming request: GET /api/portfolio/p/Kiran%20V
Incoming request: GET /api/portfolio/p/Kiran%20V
Incoming request: OPTIONS /api/portfolio/me
Incoming request: PUT /api/portfolio/me
Incoming request: OPTIONS /api/portfolio/p/Kiran%20V
Incoming request: OPTIONS /api/portfolio/p/Kiran%20V
Incoming request: GET /api/portfolio/p/Kiran%20V
Incoming request: GET /api/portfolio/p/Kiran%20V
Incoming request: OPTIONS /api/portfolio/me
Incoming request: PUT /api/portfolio/me
Incoming request: OPTIONS /api/portfolio/p/Kiran%20V
Incoming request: OPTIONS /api/portfolio/p/Kiran%20V
Incoming request: GET /api/portfolio/p/Kiran%20V
Incoming request: GET /api/portfolio/p/Kiran%20V
Incoming request: OPTIONS /api/portfolio/me
Incoming request: PUT /api/portfolio/me
Incoming request: OPTIONS /api/portfolio/me
Incoming request: PUT /api/portfolio/me
Incoming request: OPTIONS /api/portfolio/p/Kiran%20V
Incoming request: OPTIONS /api/portfolio/p/Kiran%20V
Incoming request: GET /api/portfolio/p/Kiran%20V
Incoming request: GET /api/portfolio/p/Kiran%20V
Incoming request: OPTIONS /api/portfolio/me
Incoming request: PUT /api/portfolio/me
Incoming request: PUT /api/portfolio/me
Incoming request: PUT /api/portfolio/me
Incoming request: OPTIONS /api/portfolio/p/Kiran%20V
Incoming request: OPTIONS /api/portfolio/p/Kiran%20V
Incoming request: GET /api/portfolio/p/Kiran%20V
Incoming request: GET /api/portfolio/p/Kiran%20V
Incoming request: OPTIONS /api/portfolio/me
Incoming request: OPTIONS /api/portfolio/me
Incoming request: GET /api/portfolio/me
Incoming request: GET /api/portfolio/me
Incoming request: GET /api/portfolio/me
Incoming request: GET /api/portfolio/me
Incoming request: OPTIONS /api/portfolio/me
Incoming request: PUT /api/portfolio/me
Incoming request: OPTIONS /api/portfolio/p/Kiran%20V
Incoming request: OPTIONS /api/portfolio/p/Kiran%20V
Incoming request: GET /api/portfolio/p/Kiran%20V
Incoming request: GET /api/portfolio/p/Kiran%20V
Incoming request: OPTIONS /api/portfolio/p/Kiran%20V
Incoming request: OPTIONS /api/portfolio/p/Kiran%20V
Incoming request: GET /api/portfolio/p/Kiran%20V
Incoming request: GET /api/portfolio/p/Kiran%20V
Incoming request: OPTIONS /api/portfolio/me
Incoming request: OPTIONS /api/portfolio/me
Incoming request: GET /api/portfolio/me
Incoming request: GET /api/portfolio/me
Incoming request: OPTIONS /api/portfolio/p/Kiran%20V
Incoming request: OPTIONS /api/portfolio/p/Kiran%20V
Incoming request: GET /api/portfolio/p/Kiran%20V
Incoming request: GET /api/portfolio/p/Kiran%20V
Incoming request: OPTIONS /api/auth/register
Incoming request: POST /api/auth/register
Incoming request: OPTIONS /api/auth/login
Incoming request: POST /api/auth/login
Incoming request: OPTIONS /api/portfolio/me
Incoming request: OPTIONS /api/portfolio/me
Incoming request: GET /api/portfolio/me
Incoming request: GET /api/portfolio/me
Incoming request: GET /api/portfolio/me
Incoming request: GET /api/portfolio/me
Incoming request: OPTIONS /api/portfolio/me
Incoming request: OPTIONS /api/portfolio/me
Incoming request: GET /api/portfolio/me
Incoming request: GET /api/portfolio/me
Incoming request: GET /api/portfolio/me
Incoming request: GET /api/portfolio/me
Incoming request: OPTIONS /api/portfolio/me
Incoming request: OPTIONS /api/portfolio/me
Incoming request: GET /api/portfolio/me
Incoming request: GET /api/portfolio/me
Incoming request: OPTIONS /api/analytics/summary
Incoming request: GET /api/analytics/summary
Incoming request: OPTIONS /api/analytics/summary
Incoming request: OPTIONS /api/analytics/summary
Incoming request: GET /api/analytics/summary
Incoming request: GET /api/analytics/summary
Incoming request: OPTIONS /api/analytics/summary
Incoming request: OPTIONS /api/analytics/summary
Incoming request: GET /api/analytics/summary
Incoming request: GET /api/analytics/summary
Incoming request: GET /api/analytics/summary
Incoming request: GET /api/analytics/summary
Incoming request: OPTIONS /api/portfolio/me
Incoming request: OPTIONS /api/portfolio/me
Incoming request: GET /api/portfolio/me
Incoming request: GET /api/portfolio/me
Incoming request: GET /api/portfolio/me
Incoming request: GET /api/portfolio/me
Incoming request: OPTIONS /api/analytics/summary
Incoming request: OPTIONS /api/analytics/summary
Incoming request: GET /api/analytics/summary
Incoming request: GET /api/analytics/summary
Incoming request: GET /api/analytics/summary
Incoming request: GET /api/analytics/summary
Incoming request: GET /api/analytics/summary
Incoming request: GET /api/analytics/summary
Incoming request: GET /api/analytics/summary
Incoming request: GET /api/analytics/summary
Incoming request: OPTIONS /api/analytics/summary
Incoming request: OPTIONS /api/analytics/summary
Incoming request: GET /api/analytics/summary
Incoming request: GET /api/analytics/summary
Incoming request: GET /api/analytics/summary
Incoming request: GET /api/analytics/summary
Incoming request: GET /api/analytics/summary
Incoming request: GET /api/analytics/summary
Incoming request: GET /api/analytics/summary
Incoming request: GET /api/analytics/summary
Incoming request: GET /api/analytics/summary
Incoming request: OPTIONS /api/portfolio/me
Incoming request: OPTIONS /api/portfolio/me
Incoming request: GET /api/portfolio/me
Incoming request: GET /api/portfolio/me
Incoming request: GET /api/portfolio/me
Incoming request: GET /api/portfolio/me
Incoming request: GET /api/portfolio/me
Incoming request: GET /api/portfolio/me
Incoming request: GET /api/portfolio/me
Incoming request: GET /api/portfolio/me
Incoming request: OPTIONS /api/user/profile
Incoming request: GET /api/user/profile
Incoming request: OPTIONS /api/user/profile
Incoming request: GET /api/user/profile
Incoming request: OPTIONS /api/resumes/upload
Incoming request: POST /api/resumes/upload
Incoming request: OPTIONS /api/portfolio/generate/69578e8f2e2c8a38a97b9152
Incoming request: POST /api/portfolio/generate/69578e8f2e2c8a38a97b9152
Incoming request: OPTIONS /api/portfolio/me
Incoming request: OPTIONS /api/portfolio/me
Incoming request: GET /api/portfolio/me
Incoming request: GET /api/portfolio/me
Incoming request: GET /api/portfolio/me
Incoming request: GET /api/portfolio/me
Incoming request: OPTIONS /api/portfolio/me
Incoming request: PUT /api/portfolio/me
Incoming request: OPTIONS /api/portfolio/p/Ranjith
Incoming request: OPTIONS /api/portfolio/p/Ranjith
Incoming request: GET /api/portfolio/p/Ranjith
Incoming request: GET /api/portfolio/p/Ranjith
Incoming request: OPTIONS /api/resumes/upload
Incoming request: POST /api/resumes/upload
Incoming request: OPTIONS /api/portfolio/generate/69578f9d2e2c8a38a97b9154
Incoming request: POST /api/portfolio/generate/69578f9d2e2c8a38a97b9154
Incoming request: OPTIONS /api/portfolio/me
Incoming request: OPTIONS /api/portfolio/me
Incoming request: GET /api/portfolio/me
Incoming request: GET /api/portfolio/me
Incoming request: GET /api/portfolio/me
Incoming request: GET /api/portfolio/me
Incoming request: OPTIONS /api/portfolio/me
Incoming request: PUT /api/portfolio/me
Incoming request: OPTIONS /api/portfolio/p/Ranjith
Incoming request: OPTIONS /api/portfolio/p/Ranjith
Incoming request: GET /api/portfolio/p/Ranjith
Incoming request: GET /api/portfolio/p/Ranjith
Incoming request: OPTIONS /api/portfolio/me
Incoming request: PUT /api/portfolio/me
Incoming request: PUT /api/portfolio/me
Incoming request: OPTIONS /api/portfolio/p/Ranjith
Incoming request: OPTIONS /api/portfolio/p/Ranjith
Incoming request: GET /api/portfolio/p/Ranjith
Incoming request: GET /api/portfolio/p/Ranjith
Incoming request: OPTIONS /api/portfolio/me
Incoming request: PUT /api/portfolio/me
Incoming request: GET /api/portfolio/p/Ranjith
Incoming request: GET /api/portfolio/p/Ranjith
Incoming request: OPTIONS /api/portfolio/me
Incoming request: PUT /api/portfolio/me
Incoming request: PUT /api/portfolio/me
Incoming request: OPTIONS /api/portfolio/p/Ranjith
Incoming request: OPTIONS /api/portfolio/p/Ranjith
Incoming request: GET /api/portfolio/p/Ranjith
Incoming request: GET /api/portfolio/p/Ranjith
Incoming request: OPTIONS /api/user/profile
Incoming request: OPTIONS /api/user/profile
Incoming request: GET /api/user/profile
Incoming request: GET /api/user/profile
Incoming request: GET /api/user/profile
Incoming request: GET /api/user/profile
Incoming request: OPTIONS /api/analytics/summary
Incoming request: OPTIONS /api/analytics/summary
Incoming request: GET /api/analytics/summary
Incoming request: GET /api/analytics/summary
Incoming request: GET /api/analytics/summary
Incoming request: GET /api/analytics/summary
Incoming request: OPTIONS /api/user/profile
Incoming request: OPTIONS /api/user/profile
Incoming request: GET /api/user/profile
Incoming request: GET /api/user/profile
Incoming request: GET /api/user/profile
Incoming request: GET /api/user/profile
Incoming request: OPTIONS /api/portfolio/me
Incoming request: OPTIONS /api/portfolio/me
Incoming request: GET /api/portfolio/me
Incoming request: GET /api/portfolio/me
Incoming request: GET /api/portfolio/me
Incoming request: GET /api/portfolio/me
Incoming request: OPTIONS /api/portfolio/p/Kiran%20V
Incoming request: OPTIONS /api/portfolio/p/Kiran%20V
Incoming request: GET /api/portfolio/p/Kiran%20V
Incoming request: GET /api/portfolio/p/Kiran%20V
Incoming request: OPTIONS /api/portfolio/me
Incoming request: PUT /api/portfolio/me
Incoming request: OPTIONS /api/portfolio/p/Kiran%20V
Incoming request: OPTIONS /api/portfolio/p/Kiran%20V
Incoming request: GET /api/portfolio/p/Kiran%20V
Incoming request: GET /api/portfolio/p/Kiran%20V
Incoming request: OPTIONS /api/auth/login
Incoming request: POST /api/auth/login
Incoming request: OPTIONS /api/portfolio/me
Incoming request: OPTIONS /api/portfolio/me
Incoming request: GET /api/portfolio/me
Incoming request: GET /api/portfolio/me
Incoming request: GET /api/portfolio/me
Incoming request: GET /api/portfolio/me
Incoming request: OPTIONS /api/portfolio/me
Incoming request: PUT /api/portfolio/me
Incoming request: PUT /api/portfolio/me
Incoming request: OPTIONS /api/portfolio/p/Ranjith
Incoming request: OPTIONS /api/portfolio/p/Ranjith
Incoming request: GET /api/portfolio/p/Ranjith
Incoming request: GET /api/portfolio/p/Ranjith
Incoming request: OPTIONS /api/user/profile
Incoming request: OPTIONS /api/user/profile
Incoming request: GET /api/user/profile
Incoming request: GET /api/user/profile
Incoming request: GET /api/user/profile
Incoming request: GET /api/user/profile
Incoming request: OPTIONS /api/portfolio/me
Incoming request: GET /api/portfolio/me
Incoming request: OPTIONS /api/portfolio/me
Incoming request: GET /api/portfolio/me
Incoming request: GET /api/portfolio/me
Incoming request: GET /api/portfolio/me
Incoming request: OPTIONS /api/resumes/upload
Incoming request: POST /api/resumes/upload
Incoming request: OPTIONS /api/portfolio/generate/695790962e2c8a38a97b9155
Incoming request: POST /api/portfolio/generate/695790962e2c8a38a97b9155
Incoming request: OPTIONS /api/portfolio/me
Incoming request: OPTIONS /api/portfolio/me
Incoming request: GET /api/portfolio/me
Incoming request: GET /api/portfolio/me
Incoming request: GET /api/portfolio/me
Incoming request: GET /api/portfolio/me
Incoming request: OPTIONS /api/portfolio/me
Incoming request: PUT /api/portfolio/me
Incoming request: PUT /api/portfolio/me
Incoming request: OPTIONS /api/portfolio/p/Ranjith
Incoming request: OPTIONS /api/portfolio/p/Ranjith
Incoming request: GET /api/portfolio/p/Ranjith
Incoming request: GET /api/portfolio/p/Ranjith
Incoming request: OPTIONS /api/resumes/upload
Incoming request: POST /api/resumes/upload
Incoming request: OPTIONS /api/portfolio/generate/695790ab2e2c8a38a97b9156
Incoming request: POST /api/portfolio/generate/695790ab2e2c8a38a97b9156
Incoming request: OPTIONS /api/portfolio/me
Incoming request: GET /api/portfolio/me
Incoming request: GET /api/portfolio/me
Incoming request: GET /api/portfolio/me
Incoming request: GET /api/portfolio/me
Incoming request: OPTIONS /api/portfolio/me
Incoming request: PUT /api/portfolio/me
Incoming request: PUT /api/portfolio/me
Incoming request: OPTIONS /api/portfolio/p/Ranjith
Incoming request: OPTIONS /api/portfolio/p/Ranjith
Incoming request: GET /api/portfolio/p/Ranjith
Incoming request: GET /api/portfolio/p/Ranjith
Incoming request: OPTIONS /api/portfolio/p/Ranjith
Incoming request: OPTIONS /api/portfolio/p/Ranjith
Incoming request: GET /api/portfolio/p/Ranjith
Incoming request: GET /api/portfolio/p/Ranjith
Incoming request: GET /api/portfolio/p/Ranjith
Incoming request: GET /api/portfolio/p/Ranjith
Incoming request: GET /api/portfolio/p/Ranjith
Incoming request: GET /api/portfolio/p/Ranjith
Incoming request: GET /api/portfolio/p/Ranjith
Incoming request: GET /api/portfolio/p/Ranjith
Incoming request: GET /api/portfolio/p/Ranjith
Incoming request: GET /api/portfolio/p/Ranjith
Incoming request: GET /api/portfolio/p/Ranjith
Incoming request: GET /api/portfolio/p/Ranjith
Incoming request: GET /api/portfolio/p/Ranjith
Incoming request: GET /api/portfolio/p/Ranjith
Incoming request: GET /api/portfolio/p/Ranjith
Incoming request: GET /api/portfolio/p/Ranjith
Incoming request: GET /api/portfolio/p/Ranjith
Incoming request: GET /api/portfolio/p/Ranjith
Incoming request: GET /api/portfolio/p/Ranjith
Incoming request: GET /api/portfolio/p/Ranjith
Incoming request: GET /api/portfolio/p/Ranjith
Incoming request: GET /api/portfolio/p/Ranjith
Incoming request: GET /api/portfolio/p/Ranjith
Incoming request: GET /api/portfolio/p/Ranjith
Incoming request: GET /api/portfolio/p/Ranjith
Incoming request: GET /api/portfolio/p/Ranjith
Incoming request: GET /api/portfolio/p/Ranjith
Incoming request: GET /api/portfolio/p/Ranjith
Incoming request: OPTIONS /api/resumes/upload
Incoming request: POST /api/resumes/upload
Incoming request: OPTIONS /api/portfolio/generate/695790d72e2c8a38a97b9157
Incoming request: POST /api/portfolio/generate/695790d72e2c8a38a97b9157
Incoming request: OPTIONS /api/portfolio/me
Incoming request: OPTIONS /api/portfolio/me
Incoming request: GET /api/portfolio/me
Incoming request: GET /api/portfolio/me
Incoming request: GET /api/portfolio/me
Incoming request: GET /api/portfolio/me
Incoming request: OPTIONS /api/portfolio/me
Incoming request: PUT /api/portfolio/me
Incoming request: PUT /api/portfolio/me
Incoming request: OPTIONS /api/portfolio/p/Kiran%20V
Incoming request: OPTIONS /api/portfolio/p/Kiran%20V
Incoming request: GET /api/portfolio/p/Kiran%20V
Incoming request: GET /api/portfolio/p/Kiran%20V
Incoming request: OPTIONS /api/resumes/upload
Incoming request: POST /api/resumes/upload
Incoming request: OPTIONS /api/portfolio/generate/695790f62e2c8a38a97b9158
Incoming request: POST /api/portfolio/generate/695790f62e2c8a38a97b9158
Incoming request: OPTIONS /api/portfolio/me
Incoming request: OPTIONS /api/portfolio/me
Incoming request: GET /api/portfolio/me
Incoming request: GET /api/portfolio/me
Incoming request: GET /api/portfolio/me
Incoming request: GET /api/portfolio/me
Incoming request: OPTIONS /api/portfolio/me
Incoming request: PUT /api/portfolio/me
Incoming request: PUT /api/portfolio/me
Incoming request: OPTIONS /api/portfolio/p/Kiran%20V
Incoming request: OPTIONS /api/portfolio/p/Kiran%20V
Incoming request: GET /api/portfolio/p/Kiran%20V
Incoming request: GET /api/portfolio/p/Kiran%20V
Incoming request: OPTIONS /api/resumes/upload
Incoming request: POST /api/resumes/upload
Incoming request: OPTIONS /api/portfolio/generate/695791062e2c8a38a97b9159
Incoming request: POST /api/portfolio/generate/695791062e2c8a38a97b9159
Incoming request: OPTIONS /api/portfolio/me
Incoming request: OPTIONS /api/portfolio/me
Incoming request: GET /api/portfolio/me
Incoming request: GET /api/portfolio/me
Incoming request: GET /api/portfolio/me
Incoming request: GET /api/portfolio/me
Incoming request: OPTIONS /api/portfolio/me
Incoming request: PUT /api/portfolio/me
Incoming request: PUT /api/portfolio/me
Incoming request: OPTIONS /api/portfolio/p/Kiran%20V
Incoming request: OPTIONS /api/portfolio/p/Kiran%20V
Incoming request: GET /api/portfolio/p/Kiran%20V
Incoming request: GET /api/portfolio/p/Kiran%20V
Incoming request: OPTIONS /api/portfolio/me
Incoming request: PUT /api/portfolio/me
Incoming request: OPTIONS /api/portfolio/p/Kiran%20V
Incoming request: OPTIONS /api/portfolio/p/Kiran%20V
Incoming request: GET /api/portfolio/p/Kiran%20V
Incoming request: GET /api/portfolio/p/Kiran%20V
Incoming request: OPTIONS /api/user/profile
Incoming request: OPTIONS /api/user/profile
Incoming request: GET /api/user/profile
Incoming request: GET /api/user/profile
Incoming request: GET /api/user/profile
Incoming request: GET /api/user/profile
Incoming request: GET /api/user/profile
Incoming request: GET /api/user/profile
Incoming request: GET /api/user/profile
Incoming request: GET /api/user/profile
Incoming request: GET /api/user/profile
Incoming request: GET /api/user/profile
Incoming request: OPTIONS /api/portfolio/p/Ranjith
Incoming request: OPTIONS /api/portfolio/p/Ranjith
Incoming request: GET /api/portfolio/p/Ranjith
Incoming request: GET /api/portfolio/p/Ranjith
Incoming request: OPTIONS /api/portfolio/me
Incoming request: OPTIONS /api/portfolio/me
Incoming request: GET /api/portfolio/me
Incoming request: GET /api/portfolio/me
Incoming request: OPTIONS /api/user/profile
Incoming request: OPTIONS /api/user/profile
Incoming request: GET /api/user/profile
Incoming request: GET /api/user/profile
Incoming request: GET /api/user/profile
Incoming request: GET /api/user/profile
Incoming request: GET /api/user/profile
Incoming request: GET /api/user/profile
Incoming request: GET /api/user/profile
Incoming request: GET /api/user/profile
Incoming request: OPTIONS /api/user/profile
Incoming request: PUT /api/user/profile
Incoming request: OPTIONS /api/portfolio/me
Incoming request: GET /api/portfolio/me
Incoming request: GET /api/portfolio/me
Incoming request: GET /api/portfolio/me
Incoming request: GET /api/portfolio/me
Incoming request: OPTIONS /api/portfolio/p/Ranjith
Incoming request: OPTIONS /api/portfolio/p/Ranjith
Incoming request: GET /api/portfolio/p/Ranjith
Incoming request: GET /api/portfolio/p/Ranjith
Incoming request: OPTIONS /api/portfolio/me
Incoming request: OPTIONS /api/portfolio/me
Incoming request: GET /api/portfolio/me
Incoming request: GET /api/portfolio/me
Incoming request: GET /api/portfolio/me
Incoming request: GET /api/portfolio/me
Incoming request: OPTIONS /api/analytics/summary
Incoming request: OPTIONS /api/analytics/summary
Incoming request: GET /api/analytics/summary
Incoming request: GET /api/analytics/summary
Incoming request: GET /api/analytics/summary
Incoming request: GET /api/analytics/summary
Incoming request: OPTIONS /api/user/profile
Incoming request: OPTIONS /api/user/profile
Incoming request: GET /api/user/profile
Incoming request: GET /api/user/profile
Incoming request: GET /api/user/profile
Incoming request: GET /api/user/profile
Incoming request: OPTIONS /api/auth/login
Incoming request: POST /api/auth/login
Incoming request: OPTIONS /api/auth/login
Incoming request: POST /api/auth/login
Incoming request: OPTIONS /api/user/profile
Incoming request: OPTIONS /api/user/profile
Incoming request: GET /api/user/profile
Incoming request: GET /api/user/profile
Incoming request: GET /api/user/profile
Incoming request: GET /api/user/profile
Incoming request: OPTIONS /api/user/profile
Incoming request: PUT /api/user/profile
Incoming request: OPTIONS /api/auth/login
Incoming request: POST /api/auth/login
